<?xml version="1.0" encoding="UTF-8"?>
<!-- Generated by org.testng.reporters.JUnitReportReporter -->
<testsuite hostname="LAPTOP-0HN71S7B" failures="0" tests="1" name="testNG.jenkins" time="8.041" errors="0" timestamp="2023-08-24T12:25:20 IST" skipped="0">
  <testcase classname="testNG.jenkins" name="main" time="8.041"/>
  <system-out/>
</testsuite> <!-- testNG.jenkins -->
